Using pre-set license
Built from '2020.2/staging' branch; Version is '2020.2.5f1 (e2c53f129de5) revision 14861631'; Using compiler version '192528614'; Build Type 'Release'
OS: 'Windows 10 Home; OS build 19041.928; Version 2004; 64bit' Language: 'en' Physical Memory: 16324 MB
BatchMode: 1, IsHumanControllingUs: 0, StartBugReporterOnCrash: 0, Is64bit: 1, IsPro: 0

 COMMAND LINE ARGUMENTS:
C:\Program Files\Unity\Hub\Editor\2020.2.5f1\Editor\Unity.exe
-adb2
-batchMode
-noUpm
-name
AssetImportWorker1
-projectPath
C:/Users/Marcel/Documents/GitHub/Darnath
-logFile
Logs/AssetImportWorker1.log
-srvPort
55550
Successfully changed project path to: C:/Users/Marcel/Documents/GitHub/Darnath
C:/Users/Marcel/Documents/GitHub/Darnath
Using Asset Import Pipeline V2.
Refreshing native plugins compatible for Editor in 59.46 ms, found 0 plugins.
Preloading 0 native plugins for Editor in 0.00 ms.
Initialize engine version: 2020.2.5f1 (e2c53f129de5)
[Subsystems] Discovering subsystems at path C:/Program Files/Unity/Hub/Editor/2020.2.5f1/Editor/Data/Resources/UnitySubsystems
[Subsystems] Discovering subsystems at path C:/Users/Marcel/Documents/GitHub/Darnath/Assets
GfxDevice: creating device client; threaded=0
Direct3D:
    Version:  Direct3D 11.0 [level 11.1]
    Renderer: NVIDIA GeForce GTX 1060 6GB (ID=0x1c03)
    Vendor:   
    VRAM:     6052 MB
    Driver:   27.21.14.5671
Shader 'Universal Render Pipeline/Particles/Lit': fallback shader 'Universal Render Pipeline/Particles/SimpleLit' not found
Initialize mono
Mono path[0] = 'C:/Program Files/Unity/Hub/Editor/2020.2.5f1/Editor/Data/Managed'
Mono path[1] = 'C:/Program Files/Unity/Hub/Editor/2020.2.5f1/Editor/Data/MonoBleedingEdge/lib/mono/unityjit'
Mono config path = 'C:/Program Files/Unity/Hub/Editor/2020.2.5f1/Editor/Data/MonoBleedingEdge/etc'
Using monoOptions --debugger-agent=transport=dt_socket,embedding=1,server=y,suspend=n,address=127.0.0.1:56448
Begin MonoManager ReloadAssembly
Registering precompiled unity dll's ...
Register platform support module: C:/Program Files/Unity/Hub/Editor/2020.2.5f1/Editor/Data/PlaybackEngines/WindowsStandaloneSupport/UnityEditor.WindowsStandalone.Extensions.dll
Registered in 0.002018 seconds.
Native extension for WindowsStandalone target not found
Refreshing native plugins compatible for Editor in 57.80 ms, found 0 plugins.
Preloading 0 native plugins for Editor in 0.00 ms.
Invoked RoslynAnalysisRunner static constructor.
RoslynAnalysisRunner will not be running.
RoslynAnalysisRunner has terminated.
Mono: successfully reloaded assembly
- Completed reload, in  2.434 seconds
Platform modules already initialized, skipping
Registering precompiled user dll's ...
Registered in 0.001503 seconds.
Begin MonoManager ReloadAssembly
Native extension for WindowsStandalone target not found
Refreshing native plugins compatible for Editor in 60.60 ms, found 0 plugins.
Preloading 0 native plugins for Editor in 0.00 ms.
Invoked RoslynAnalysisRunner static constructor.
RoslynAnalysisRunner will not be running.
RoslynAnalysisRunner has terminated.
Mono: successfully reloaded assembly
- Completed reload, in  1.116 seconds
Platform modules already initialized, skipping
========================================================================
Worker process is ready to serve import requests
Shader 'Universal Render Pipeline/Particles/Lit': fallback shader 'Universal Render Pipeline/Particles/SimpleLit' not found
Launched and connected shader compiler UnityShaderCompiler.exe after 0.05 seconds
Refreshing native plugins compatible for Editor in 0.52 ms, found 0 plugins.
Preloading 0 native plugins for Editor in 0.00 ms.
Unloading 2456 Unused Serialized files (Serialized files now loaded: 0)
System memory in use before: 127.9 MB.
System memory in use after: 128.0 MB.

Unloading 11 unused Assets to reduce memory usage. Loaded Objects now: 2919.
Total: 3.637400 ms (FindLiveObjects: 0.435000 ms CreateObjectMapping: 0.218000 ms MarkObjects: 2.540900 ms  DeleteObjects: 0.442200 ms)

========================================================================
Received Import Request.
  path: Assets/_Game/Scripts/Inventory/ItemSlot.cs
  artifactKey: Guid(fa65b8f9debaf234dabd54d1ea0b9ead) Importer(815301076,1909f56bfc062723c751e8b465ee728b)
Start importing Assets/_Game/Scripts/Inventory/ItemSlot.cs using Guid(fa65b8f9debaf234dabd54d1ea0b9ead) Importer(815301076,1909f56bfc062723c751e8b465ee728b)  -> (artifact id: '21bd1fc03a8816c0bf918119fc3c9a5c') in 0.048239 seconds
  Import took 0.052920 seconds .

========================================================================
Received Import Request.
  Time since last request: 21.538662 seconds.
  path: Assets/_Game/Scripts/Inventory/ItemSlotUI.cs
  artifactKey: Guid(02073b1d20a11e54a8a51a49dab256c9) Importer(815301076,1909f56bfc062723c751e8b465ee728b)
Start importing Assets/_Game/Scripts/Inventory/ItemSlotUI.cs using Guid(02073b1d20a11e54a8a51a49dab256c9) Importer(815301076,1909f56bfc062723c751e8b465ee728b)  -> (artifact id: 'a161c26e02bcf2635426f4db23819105') in 0.007954 seconds
  Import took 0.014505 seconds .

========================================================================
Received Import Request.
  Time since last request: 0.001254 seconds.
  path: Assets/_Game/Scripts/Inventory/ItemSlotUI.cs
  artifactKey: Guid(02073b1d20a11e54a8a51a49dab256c9) Importer(815301076,1909f56bfc062723c751e8b465ee728b)
Start importing Assets/_Game/Scripts/Inventory/ItemSlotUI.cs using Guid(02073b1d20a11e54a8a51a49dab256c9) Importer(815301076,1909f56bfc062723c751e8b465ee728b)  -> (artifact id: 'a161c26e02bcf2635426f4db23819105') in 0.008860 seconds
  Import took 0.014961 seconds .

AssetImportWorkerClient::OnTransportError - code=2 error=End of file
